<?xml version="1.0" encoding="UTF-8"?>
<testng-results ignored="2" total="3" passed="1" failed="0" skipped="0">
  <reporter-output>
  </reporter-output>
  <suite started-at="2024-04-15T20:17:08 EDT" name="Default suite" finished-at="2024-04-15T20:17:28 EDT" duration-ms="19924">
    <groups>
    </groups>
    <test started-at="2024-04-15T20:17:08 EDT" name="Default test" finished-at="2024-04-15T20:17:28 EDT" duration-ms="19924">
      <class name="Appium.Extract_Text">
        <test-method is-config="true" signature="setup()[pri:0, instance:Appium.Extract_Text@2d7275fc]" started-at="2024-04-15T20:17:08 EDT" name="setup" finished-at="2024-04-15T20:17:14 EDT" duration-ms="6713" status="PASS">
          <reporter-output>
          </reporter-output>
        </test-method> <!-- setup -->
        <test-method signature="landscapemode()[pri:0, instance:Appium.Extract_Text@2d7275fc]" started-at="2024-04-15T20:17:14 EDT" name="landscapemode" finished-at="2024-04-15T20:17:25 EDT" duration-ms="10348" status="PASS">
          <reporter-output>
          </reporter-output>
        </test-method> <!-- landscapemode -->
        <test-method is-config="true" signature="tear_down()[pri:0, instance:Appium.Extract_Text@2d7275fc]" started-at="2024-04-15T20:17:25 EDT" name="tear_down" finished-at="2024-04-15T20:17:28 EDT" duration-ms="2836" status="PASS">
          <reporter-output>
          </reporter-output>
        </test-method> <!-- tear_down -->
      </class> <!-- Appium.Extract_Text -->
    </test> <!-- Default test -->
  </suite> <!-- Default suite -->
</testng-results>
