<?xml version="1.0" encoding="UTF-8"?>
<!-- Generated by org.testng.reporters.JUnitXMLReporter -->
<testsuite ignored="2" hostname="Kapil" failures="0" tests="1" name="Default test" time="19.924" errors="0" timestamp="2024-04-15T20:17:28 EDT">
  <testcase classname="Appium.Extract_Text" name="landscapemode" time="10.348"/>
  <testcase classname="Appium.Extract_Text" name="test_02" time="0.0">
    <ignored/>
  </testcase> <!-- test_02 -->
  <testcase classname="Appium.Extract_Text" name="test_01" time="0.0">
    <ignored/>
  </testcase> <!-- test_01 -->
</testsuite> <!-- Default test -->
